# JRE version: OpenJDK Runtime Environment (21.0.9) (build 21.0.9+-14649483-b1163.86)
# Java VM: OpenJDK 64-Bit Server VM (21.0.9+-14649483-b1163.86, mixed mode, tiered, compressed oops, compressed class ptrs, g1 gc, windows-amd64)
GC Precious Log:
 CardTable entry size: 512
 Card Set container configuration: InlinePtr #cards 5 size 8 Array Of Cards #cards 12 size 40 Howl #buckets 4 coarsen threshold 1843 Howl Bitmap #cards 512 size 80 coarsen threshold 460 Card regions per heap region 1 cards per card region 2048
 CPUs: 12 total, 12 available
 Memory: 7885M
 Large Page Support: Disabled
 NUMA Support: Disabled
 Compressed Oops: Enabled (32-bit)
 Heap Region Size: 1M
 Heap Min Capacity: 8M
 Heap Initial Capacity: 124M
 Heap Max Capacity: 1972M
 Pre-touch: Disabled
 Parallel Workers: 10
 Concurrent Workers: 3
 Concurrent Refinement Workers: 10
 Periodic GC: Disabled
Heap:
 garbage-first heap   total 87040K, used 56849K [0x0000000084c00000, 0x0000000100000000)
  region size 1024K, 4 young (4096K), 3 survivors (3072K)
 Metaspace       used 60405K, committed 60736K, reserved 1114112K
  class space    used 6979K, committed 7168K, reserved 1048576K
GC Heap History (20 events):
Event: 4.596 GC heap before
{Heap before GC invocations=10 (full 0):
 garbage-first heap   total 43008K, used 35447K [0x0000000084c00000, 0x0000000100000000)
  region size 1024K, 16 young (16384K), 1 survivors (1024K)
 Metaspace       used 43470K, committed 43712K, reserved 1114112K
  class space    used 5231K, committed 5312K, reserved 1048576K
}
Event: 4.601 GC heap after
{Heap after GC invocations=11 (full 0):
 garbage-first heap   total 43008K, used 21916K [0x0000000084c00000, 0x0000000100000000)
  region size 1024K, 2 young (2048K), 2 survivors (2048K)
 Metaspace       used 43470K, committed 43712K, reserved 1114112K
  class space    used 5231K, committed 5312K, reserved 1048576K
}
Event: 4.922 GC heap before
{Heap before GC invocations=11 (full 0):
 garbage-first heap   total 43008K, used 35228K [0x0000000084c00000, 0x0000000100000000)
  region size 1024K, 16 young (16384K), 2 survivors (2048K)
 Metaspace       used 47239K, committed 47488K, reserved 1114112K
  class space    used 5645K, committed 5760K, reserved 1048576K
}
Event: 4.928 GC heap after
{Heap after GC invocations=12 (full 0):
 garbage-first heap   total 43008K, used 22485K [0x0000000084c00000, 0x0000000100000000)
  region size 1024K, 1 young (1024K), 1 survivors (1024K)
 Metaspace       used 47239K, committed 47488K, reserved 1114112K
  class space    used 5645K, committed 5760K, reserved 1048576K
}
Event: 5.221 GC heap before
{Heap before GC invocations=13 (full 0):
 garbage-first heap   total 43008K, used 36821K [0x0000000084c00000, 0x0000000100000000)
  region size 1024K, 15 young (15360K), 1 survivors (1024K)
 Metaspace       used 49112K, committed 49408K, reserved 1114112K
  class space    used 5843K, committed 5952K, reserved 1048576K
}
Event: 5.230 GC heap after
{Heap after GC invocations=14 (full 0):
 garbage-first heap   total 54272K, used 25079K [0x0000000084c00000, 0x0000000100000000)
  region size 1024K, 2 young (2048K), 2 survivors (2048K)
 Metaspace       used 49112K, committed 49408K, reserved 1114112K
  class space    used 5843K, committed 5952K, reserved 1048576K
}
Event: 5.417 GC heap before
{Heap before GC invocations=14 (full 0):
 garbage-first heap   total 54272K, used 47607K [0x0000000084c00000, 0x0000000100000000)
  region size 1024K, 23 young (23552K), 2 survivors (2048K)
 Metaspace       used 49644K, committed 49920K, reserved 1114112K
  class space    used 5878K, committed 6016K, reserved 1048576K
}
Event: 5.428 GC heap after
{Heap after GC invocations=15 (full 0):
 garbage-first heap   total 57344K, used 32649K [0x0000000084c00000, 0x0000000100000000)
  region size 1024K, 3 young (3072K), 3 survivors (3072K)
 Metaspace       used 49644K, committed 49920K, reserved 1114112K
  class space    used 5878K, committed 6016K, reserved 1048576K
}
Event: 5.586 GC heap before
{Heap before GC invocations=15 (full 0):
 garbage-first heap   total 57344K, used 48009K [0x0000000084c00000, 0x0000000100000000)
  region size 1024K, 18 young (18432K), 3 survivors (3072K)
 Metaspace       used 50425K, committed 50752K, reserved 1114112K
  class space    used 5944K, committed 6080K, reserved 1048576K
}
Event: 5.597 GC heap after
{Heap after GC invocations=16 (full 0):
 garbage-first heap   total 57344K, used 37476K [0x0000000084c00000, 0x0000000100000000)
  region size 1024K, 3 young (3072K), 3 survivors (3072K)
 Metaspace       used 50425K, committed 50752K, reserved 1114112K
  class space    used 5944K, committed 6080K, reserved 1048576K
}
Event: 5.877 GC heap before
{Heap before GC invocations=17 (full 0):
 garbage-first heap   total 63488K, used 48740K [0x0000000084c00000, 0x0000000100000000)
  region size 1024K, 14 young (14336K), 3 survivors (3072K)
 Metaspace       used 52554K, committed 52800K, reserved 1114112K
  class space    used 6189K, committed 6272K, reserved 1048576K
}
Event: 5.888 GC heap after
{Heap after GC invocations=18 (full 0):
 garbage-first heap   total 63488K, used 40340K [0x0000000084c00000, 0x0000000100000000)
  region size 1024K, 2 young (2048K), 2 survivors (2048K)
 Metaspace       used 52554K, committed 52800K, reserved 1114112K
  class space    used 6189K, committed 6272K, reserved 1048576K
}
Event: 6.022 GC heap before
{Heap before GC invocations=18 (full 0):
 garbage-first heap   total 63488K, used 53652K [0x0000000084c00000, 0x0000000100000000)
  region size 1024K, 15 young (15360K), 2 survivors (2048K)
 Metaspace       used 53452K, committed 53696K, reserved 1114112K
  class space    used 6287K, committed 6400K, reserved 1048576K
}
Event: 6.031 GC heap after
{Heap after GC invocations=19 (full 0):
 garbage-first heap   total 87040K, used 43737K [0x0000000084c00000, 0x0000000100000000)
  region size 1024K, 2 young (2048K), 2 survivors (2048K)
 Metaspace       used 53452K, committed 53696K, reserved 1114112K
  class space    used 6287K, committed 6400K, reserved 1048576K
}
Event: 6.873 GC heap before
{Heap before GC invocations=19 (full 0):
 garbage-first heap   total 87040K, used 68313K [0x0000000084c00000, 0x0000000100000000)
  region size 1024K, 27 young (27648K), 2 survivors (2048K)
 Metaspace       used 56341K, committed 56576K, reserved 1114112K
  class space    used 6631K, committed 6720K, reserved 1048576K
}
Event: 6.890 GC heap after
{Heap after GC invocations=20 (full 0):
 garbage-first heap   total 87040K, used 48926K [0x0000000084c00000, 0x0000000100000000)
  region size 1024K, 4 young (4096K), 4 survivors (4096K)
 Metaspace       used 56341K, committed 56576K, reserved 1114112K
  class space    used 6631K, committed 6720K, reserved 1048576K
}
Event: 8.429 GC heap before
{Heap before GC invocations=20 (full 0):
 garbage-first heap   total 87040K, used 71454K [0x0000000084c00000, 0x0000000100000000)
  region size 1024K, 26 young (26624K), 4 survivors (4096K)
 Metaspace       used 57214K, committed 57536K, reserved 1114112K
  class space    used 6664K, committed 6784K, reserved 1048576K
}
Event: 8.444 GC heap after
{Heap after GC invocations=21 (full 0):
 garbage-first heap   total 87040K, used 53760K [0x0000000084c00000, 0x0000000100000000)
  region size 1024K, 4 young (4096K), 4 survivors (4096K)
 Metaspace       used 57214K, committed 57536K, reserved 1114112K
  class space    used 6664K, committed 6784K, reserved 1048576K
}
Event: 9.085 GC heap before
{Heap before GC invocations=21 (full 0):
 garbage-first heap   total 87040K, used 72192K [0x0000000084c00000, 0x0000000100000000)
  region size 1024K, 23 young (23552K), 4 survivors (4096K)
 Metaspace       used 60276K, committed 60608K, reserved 1114112K
  class space    used 6970K, committed 7168K, reserved 1048576K
}
Event: 9.097 GC heap after
{Heap after GC invocations=22 (full 0):
 garbage-first heap   total 87040K, used 56849K [0x0000000084c00000, 0x0000000100000000)
  region size 1024K, 3 young (3072K), 3 survivors (3072K)
 Metaspace       used 60276K, committed 60608K, reserved 1114112K
  class space    used 6970K, committed 7168K, reserved 1048576K
}

